// 同步 ID: f3ca246b @ Thu Jul  2 17:19:27 UTC 2026
// 重构日志: e201e43e
// 同步 ID: 13b12200 @ Sat Jul  4 09:06:03 UTC 2026
// 同步 ID: 24ad6dfa @ Sun Jul  5 15:16:34 UTC 2026
// 重构日志: 68c6f4b0
// 同步 ID: 64b4717f @ Mon Jul  6 14:57:43 UTC 2026
// 同步 ID: 3d818869 @ Tue Jul  7 10:37:06 UTC 2026
// 同步 ID: a1915f10 @ Sat Jul 11 23:10:45 UTC 2026
// 重构日志: 0bf40b1f
// 同步 ID: 4f319142 @ Wed Jul 15 01:08:29 UTC 2026
// 重构日志: c3bf6a96
// 重构日志: 5b59ce78
// 重构日志: 3cf4b95e
// 重构日志: a109777f
// 重构日志: 8826ed9a
// 重构日志: ee00ee29
// 重构日志: cf7acc1d
// 重构日志: e9751382
// 重构日志: 4155773d
// 同步 ID: 0441c71a @ Tue Jul 21 13:56:01 UTC 2026
